<?xml version="1.0" encoding="UTF-8"?>
<testng-results ignored="0" total="3" passed="3" failed="0" skipped="0">
  <reporter-output>
  </reporter-output>
  <suite started-at="2021-01-01T12:17:05 IST" name="Default suite" finished-at="2021-01-01T12:17:35 IST" duration-ms="30244">
    <groups>
    </groups>
    <test started-at="2021-01-01T12:17:05 IST" name="Default test" finished-at="2021-01-01T12:17:35 IST" duration-ms="30244">
      <class name="Functions.Test1">
        <test-method is-config="true" signature="configRead()[pri:0, instance:Functions.Test1@647e447]" started-at="2021-01-01T12:17:05 IST" name="configRead" finished-at="2021-01-01T12:17:05 IST" duration-ms="144" status="PASS">
          <reporter-output>
          </reporter-output>
        </test-method> <!-- configRead -->
        <test-method signature="loginTest()[pri:1, instance:Functions.Test1@647e447]" started-at="2021-01-01T12:17:05 IST" name="loginTest" finished-at="2021-01-01T12:17:34 IST" duration-ms="29192" status="PASS">
          <reporter-output>
          </reporter-output>
        </test-method> <!-- loginTest -->
        <test-method signature="dropDownTest()[pri:2, instance:Functions.Test1@647e447]" started-at="2021-01-01T12:17:34 IST" name="dropDownTest" finished-at="2021-01-01T12:17:35 IST" duration-ms="535" status="PASS">
          <reporter-output>
          </reporter-output>
        </test-method> <!-- dropDownTest -->
        <test-method signature="search()[pri:3, instance:Functions.Test1@647e447]" started-at="2021-01-01T12:17:35 IST" name="search" finished-at="2021-01-01T12:17:35 IST" duration-ms="428" status="PASS">
          <reporter-output>
          </reporter-output>
        </test-method> <!-- search -->
      </class> <!-- Functions.Test1 -->
    </test> <!-- Default test -->
  </suite> <!-- Default suite -->
</testng-results>
